[2018-05-09 17:48:45] [INFO] 加载驱动,启动的是chromeDriver
[2018-05-09 17:48:51] [INFO] 打开网址
[2018-05-09 17:48:51] [INFO] 开始查找元素：By.name: username
[2018-05-09 17:48:51] [INFO] 找到了元素 [By.name: username]
[2018-05-09 17:48:51] [INFO] 找到元素 name: username
[2018-05-09 17:48:51] [INFO] 找到元素 name: username
[2018-05-09 17:48:52] [INFO] 清空元素上的内容
[2018-05-09 17:48:52] [INFO] 在文本框中输入内容admin
[2018-05-09 17:48:52] [INFO] 开始查找元素：By.name: password
[2018-05-09 17:48:52] [INFO] 找到了元素 [By.name: password]
[2018-05-09 17:48:52] [INFO] 找到元素 name: password
[2018-05-09 17:48:52] [INFO] 找到元素 name: password
[2018-05-09 17:48:52] [INFO] 清空元素上的内容
[2018-05-09 17:48:52] [INFO] 在文本框中输入内容admin
[2018-05-09 17:48:52] [INFO] 开始查找元素：By.xpath: //*[@id="lsform"]/div/div/table/tbody/tr[2]/td[3]/button
[2018-05-09 17:48:52] [INFO] 找到了元素 [By.xpath: //*[@id="lsform"]/div/div/table/tbody/tr[2]/td[3]/button]
[2018-05-09 17:48:52] [INFO] 找到元素 xpath: //*[@id="lsform"]/div/div/table/tbody/tr[2]/td[3]/button
[2018-05-09 17:48:52] [INFO] 对元素By.xpath: //*[@id="lsform"]/div/div/table/tbody/tr[2]/td[3]/button做点击操作
[2018-05-09 17:48:55] [INFO] 开始查找元素：By.linkText: 默认版块
[2018-05-09 17:48:58] [INFO] 找到了元素 [By.linkText: 默认版块]
[2018-05-09 17:48:58] [INFO] 找到元素 link text: 默认版块
[2018-05-09 17:49:00] [INFO] 对元素By.linkText: 默认版块做点击操作
[2018-05-09 17:49:00] [INFO] 开始查找元素：By.xpath: //*[@id="newspecial"]/img
[2018-05-09 17:49:00] [INFO] 找到了元素 [By.xpath: //*[@id="newspecial"]/img]
[2018-05-09 17:49:00] [INFO] 找到元素 xpath: //*[@id="newspecial"]/img
[2018-05-09 17:49:03] [INFO] 对元素By.xpath: //*[@id="newspecial"]/img做点击操作
[2018-05-09 17:49:03] [INFO] 开始查找元素：By.linkText: 发起投票
[2018-05-09 17:49:03] [INFO] 找到了元素 [By.linkText: 发起投票]
[2018-05-09 17:49:03] [INFO] 找到元素 link text: 发起投票
[2018-05-09 17:49:05] [INFO] 对元素By.linkText: 发起投票做点击操作
[2018-05-09 17:49:05] [INFO] 开始查找元素：By.id: subject
[2018-05-09 17:49:05] [INFO] 找到了元素 [By.id: subject]
[2018-05-09 17:49:05] [INFO] 找到元素 id: subject
[2018-05-09 17:49:05] [INFO] 找到元素 id: subject
[2018-05-09 17:49:05] [INFO] 清空元素上的内容
[2018-05-09 17:49:05] [INFO] 在文本框中输入内容你喜欢玩什么
[2018-05-09 17:49:05] [INFO] 开始查找元素：By.xpath: //*[@id="pollm_c_1"]/p[1]/input
[2018-05-09 17:49:05] [INFO] 找到了元素 [By.xpath: //*[@id="pollm_c_1"]/p[1]/input]
[2018-05-09 17:49:05] [INFO] 找到元素 xpath: //*[@id="pollm_c_1"]/p[1]/input
[2018-05-09 17:49:05] [INFO] 找到元素 xpath: //*[@id="pollm_c_1"]/p[1]/input
[2018-05-09 17:49:05] [INFO] 清空元素上的内容
[2018-05-09 17:49:05] [INFO] 在文本框中输入内容电子游戏
[2018-05-09 17:49:05] [INFO] 开始查找元素：By.xpath: //*[@id="pollm_c_1"]/p[2]/input
[2018-05-09 17:49:05] [INFO] 找到了元素 [By.xpath: //*[@id="pollm_c_1"]/p[2]/input]
[2018-05-09 17:49:05] [INFO] 找到元素 xpath: //*[@id="pollm_c_1"]/p[2]/input
[2018-05-09 17:49:05] [INFO] 找到元素 xpath: //*[@id="pollm_c_1"]/p[2]/input
[2018-05-09 17:49:05] [INFO] 清空元素上的内容
[2018-05-09 17:49:05] [INFO] 在文本框中输入内容篮球
[2018-05-09 17:49:05] [INFO] 开始查找元素：By.xpath: //*[@id="pollm_c_1"]/p[3]/input
[2018-05-09 17:49:05] [INFO] 找到了元素 [By.xpath: //*[@id="pollm_c_1"]/p[3]/input]
[2018-05-09 17:49:05] [INFO] 找到元素 xpath: //*[@id="pollm_c_1"]/p[3]/input
[2018-05-09 17:49:05] [INFO] 找到元素 xpath: //*[@id="pollm_c_1"]/p[3]/input
[2018-05-09 17:49:05] [INFO] 清空元素上的内容
[2018-05-09 17:49:06] [INFO] 在文本框中输入内容足球
[2018-05-09 17:49:06] [INFO] 进入iframe
[2018-05-09 17:49:06] [INFO] 开始查找元素：By.xpath: /html/body
[2018-05-09 17:49:06] [INFO] 找到了元素 [By.xpath: /html/body]
[2018-05-09 17:49:06] [INFO] 找到元素 xpath: /html/body
[2018-05-09 17:49:06] [INFO] 找到元素 xpath: /html/body
[2018-05-09 17:49:06] [INFO] 清空元素上的内容
[2018-05-09 17:49:06] [INFO] 在文本框中输入内容喜欢什么就选什么，别客气
[2018-05-09 17:49:06] [INFO] 返回主文档
[2018-05-09 17:49:06] [INFO] 开始查找元素：By.id: postsubmit
[2018-05-09 17:49:06] [INFO] 找到了元素 [By.id: postsubmit]
[2018-05-09 17:49:06] [INFO] 找到元素 id: postsubmit
[2018-05-09 17:49:06] [INFO] 对元素By.id: postsubmit做点击操作
[2018-05-09 17:49:06] [INFO] 开始查找元素：By.id: option_1
[2018-05-09 17:49:16] [INFO] 找到了元素 [By.id: option_1]
[2018-05-09 17:49:16] [INFO] 找到元素 id: option_1
[2018-05-09 17:49:17] [INFO] 对元素By.id: option_1做点击操作
[2018-05-09 17:49:17] [INFO] 开始查找元素：By.name: pollsubmit
[2018-05-09 17:49:17] [INFO] 找到了元素 [By.name: pollsubmit]
[2018-05-09 17:49:17] [INFO] 找到元素 name: pollsubmit
[2018-05-09 17:49:17] [INFO] 对元素By.name: pollsubmit做点击操作
[2018-05-09 17:49:20] [INFO] 开始查找元素：By.id: thread_subject
[2018-05-09 17:49:20] [INFO] 找到了元素 [By.id: thread_subject]
[2018-05-09 17:49:20] [INFO] 找到元素 id: thread_subject
[2018-05-09 17:49:20] [INFO] 获取元素内容,元素内容是:你喜欢玩什么
[2018-05-09 17:49:20] [ERROR] By.xpath: //*[@id="poll"]/div[2]/table/tbody/tr[2]/td[3]元素未找到
