[2018-05-09 09:06:45] [INFO] 加载驱动,启动的是chromeDriver
[2018-05-09 09:06:50] [INFO] 打开网址
[2018-05-09 09:06:50] [INFO] 开始查找元素：By.name: username
[2018-05-09 09:06:50] [INFO] 找到了元素 [By.name: username]
[2018-05-09 09:06:50] [INFO] 找到元素 name: username
[2018-05-09 09:06:50] [INFO] 找到元素 name: username
[2018-05-09 09:06:50] [INFO] 清空元素上的内容
[2018-05-09 09:06:50] [INFO] 在文本框中输入内容test
[2018-05-09 09:06:50] [INFO] 开始查找元素：By.name: password
[2018-05-09 09:06:50] [INFO] 找到了元素 [By.name: password]
[2018-05-09 09:06:50] [INFO] 找到元素 name: password
[2018-05-09 09:06:50] [INFO] 找到元素 name: password
[2018-05-09 09:06:50] [INFO] 清空元素上的内容
[2018-05-09 09:06:50] [INFO] 在文本框中输入内容123456
[2018-05-09 09:06:50] [INFO] 开始查找元素：By.xpath: //*[@id="lsform"]/div/div/table/tbody/tr[2]/td[3]/button
[2018-05-09 09:06:50] [INFO] 找到了元素 [By.xpath: //*[@id="lsform"]/div/div/table/tbody/tr[2]/td[3]/button]
[2018-05-09 09:06:50] [INFO] 找到元素 xpath: //*[@id="lsform"]/div/div/table/tbody/tr[2]/td[3]/button
[2018-05-09 09:06:50] [INFO] 对元素By.xpath: //*[@id="lsform"]/div/div/table/tbody/tr[2]/td[3]/button做点击操作
[2018-05-09 09:06:53] [INFO] 开始查找元素：By.linkText: 新版块名称
[2018-05-09 09:06:56] [INFO] 找到了元素 [By.linkText: 新版块名称]
[2018-05-09 09:06:56] [INFO] 找到元素 link text: 新版块名称
[2018-05-09 09:06:57] [INFO] 对元素By.linkText: 新版块名称做点击操作
[2018-05-09 09:06:57] [INFO] 开始查找元素：By.xpath: //*[@id="newspecial"]/img
[2018-05-09 09:06:58] [INFO] 找到了元素 [By.xpath: //*[@id="newspecial"]/img]
[2018-05-09 09:06:58] [INFO] 找到元素 xpath: //*[@id="newspecial"]/img
[2018-05-09 09:07:01] [INFO] 对元素By.xpath: //*[@id="newspecial"]/img做点击操作
[2018-05-09 09:07:01] [INFO] 开始查找元素：By.id: subject
[2018-05-09 09:07:01] [INFO] 找到了元素 [By.id: subject]
[2018-05-09 09:07:01] [INFO] 找到元素 id: subject
[2018-05-09 09:07:01] [INFO] 找到元素 id: subject
[2018-05-09 09:07:01] [INFO] 清空元素上的内容
[2018-05-09 09:07:01] [INFO] 在文本框中输入内容欢迎来到我的世界
[2018-05-09 09:07:01] [INFO] 进入iframe
[2018-05-09 09:07:01] [INFO] 开始查找元素：By.xpath: /html/body
[2018-05-09 09:07:01] [INFO] 找到了元素 [By.xpath: /html/body]
[2018-05-09 09:07:01] [INFO] 找到元素 xpath: /html/body
[2018-05-09 09:07:01] [INFO] 找到元素 xpath: /html/body
[2018-05-09 09:07:01] [INFO] 清空元素上的内容
[2018-05-09 09:07:02] [INFO] 在文本框中输入内容我的世界是一款马赛克游戏，好不好玩就不知道了
[2018-05-09 09:07:02] [INFO] 返回主文档
[2018-05-09 09:07:02] [INFO] 开始查找元素：By.id: postsubmit
[2018-05-09 09:07:02] [INFO] 找到了元素 [By.id: postsubmit]
[2018-05-09 09:07:02] [INFO] 找到元素 id: postsubmit
[2018-05-09 09:07:02] [INFO] 对元素By.id: postsubmit做点击操作
[2018-05-09 09:07:02] [INFO] 开始查找元素：By.name: message
[2018-05-09 09:07:12] [INFO] 找到了元素 [By.name: message]
[2018-05-09 09:07:12] [INFO] 找到元素 name: message
[2018-05-09 09:07:12] [INFO] 找到元素 name: message
[2018-05-09 09:07:12] [INFO] 清空元素上的内容
[2018-05-09 09:07:12] [INFO] 在文本框中输入内容哇，你这个逗比
[2018-05-09 09:07:12] [INFO] 开始查找元素：By.name: replysubmit
[2018-05-09 09:07:13] [INFO] 找到了元素 [By.name: replysubmit]
[2018-05-09 09:07:13] [INFO] 找到元素 name: replysubmit
[2018-05-09 09:07:13] [INFO] 对元素By.name: replysubmit做点击操作
