[2018-05-09 08:49:27] [INFO] 加载驱动,启动的是chromeDriver
[2018-05-09 08:49:43] [INFO] 打开网址
[2018-05-09 08:49:44] [INFO] 开始查找元素：By.name: username
[2018-05-09 08:49:45] [INFO] 找到了元素 [By.name: username]
[2018-05-09 08:49:45] [INFO] 找到元素 name: username
[2018-05-09 08:49:45] [INFO] 找到元素 name: username
[2018-05-09 08:49:45] [INFO] 清空元素上的内容
[2018-05-09 08:49:46] [INFO] 在文本框中输入内容admin
[2018-05-09 08:49:46] [INFO] 开始查找元素：By.name: password
[2018-05-09 08:49:46] [INFO] 找到了元素 [By.name: password]
[2018-05-09 08:49:46] [INFO] 找到元素 name: password
[2018-05-09 08:49:46] [INFO] 找到元素 name: password
[2018-05-09 08:49:46] [INFO] 清空元素上的内容
[2018-05-09 08:49:46] [INFO] 在文本框中输入内容admin
[2018-05-09 08:49:46] [INFO] 开始查找元素：By.xpath: //*[@id="lsform"]/div/div/table/tbody/tr[2]/td[3]/button
[2018-05-09 08:49:47] [INFO] 找到了元素 [By.xpath: //*[@id="lsform"]/div/div/table/tbody/tr[2]/td[3]/button]
[2018-05-09 08:49:47] [INFO] 找到元素 xpath: //*[@id="lsform"]/div/div/table/tbody/tr[2]/td[3]/button
[2018-05-09 08:49:47] [INFO] 对元素By.xpath: //*[@id="lsform"]/div/div/table/tbody/tr[2]/td[3]/button做点击操作
[2018-05-09 08:49:47] [INFO] 开始查找元素：By.linkText: 管理中心
[2018-05-09 08:49:58] [INFO] 找到了元素 [By.linkText: 管理中心]
[2018-05-09 08:49:58] [INFO] 找到元素 link text: 管理中心
[2018-05-09 08:50:00] [INFO] 对元素By.linkText: 管理中心做点击操作
[2018-05-09 08:50:01] [INFO] 跳转到新的页面
[2018-05-09 08:50:01] [INFO] 开始查找元素：By.linkText: 论坛
[2018-05-09 08:50:13] [ERROR] 超时!! 10 秒之后还没找到元素 [By.linkText: 论坛]
