[2018-05-30 15:21:06] [INFO] 加载驱动,启动的是chromeDriver
[2018-05-30 15:21:13] [INFO] 打开网址
[2018-05-30 15:21:13] [INFO] 开始查找元素：By.name: username
[2018-05-30 15:21:13] [INFO] 找到了元素 [By.name: username]
[2018-05-30 15:21:13] [INFO] 找到元素 name: username
[2018-05-30 15:21:13] [INFO] 找到元素 name: username
[2018-05-30 15:21:14] [INFO] 清空元素上的内容
[2018-05-30 15:21:14] [INFO] 在文本框中输入内容test
[2018-05-30 15:21:14] [INFO] 开始查找元素：By.name: password
[2018-05-30 15:21:14] [INFO] 找到了元素 [By.name: password]
[2018-05-30 15:21:14] [INFO] 找到元素 name: password
[2018-05-30 15:21:14] [INFO] 找到元素 name: password
[2018-05-30 15:21:14] [INFO] 清空元素上的内容
[2018-05-30 15:21:14] [INFO] 在文本框中输入内容123456
[2018-05-30 15:21:14] [INFO] 开始查找元素：By.xpath: //*[@id="lsform"]/div/div/table/tbody/tr[2]/td[3]/button
[2018-05-30 15:21:14] [INFO] 找到了元素 [By.xpath: //*[@id="lsform"]/div/div/table/tbody/tr[2]/td[3]/button]
[2018-05-30 15:21:14] [INFO] 找到元素 xpath: //*[@id="lsform"]/div/div/table/tbody/tr[2]/td[3]/button
[2018-05-30 15:21:14] [INFO] 对元素By.xpath: //*[@id="lsform"]/div/div/table/tbody/tr[2]/td[3]/button做点击操作
[2018-05-30 15:21:22] [INFO] 刷新页面
[2018-05-30 15:21:22] [INFO] 开始查找元素：By.linkText: 默认版块
[2018-05-30 15:21:22] [INFO] 找到了元素 [By.linkText: 默认版块]
[2018-05-30 15:21:22] [INFO] 找到元素 link text: 默认版块
[2018-05-30 15:21:24] [INFO] 对元素By.linkText: 默认版块做点击操作
[2018-05-30 15:21:24] [INFO] 开始查找元素：By.xpath: //*[@id="newspecial"]/img
[2018-05-30 15:21:24] [INFO] 找到了元素 [By.xpath: //*[@id="newspecial"]/img]
[2018-05-30 15:21:24] [INFO] 找到元素 xpath: //*[@id="newspecial"]/img
[2018-05-30 15:21:27] [INFO] 对元素By.xpath: //*[@id="newspecial"]/img做点击操作
[2018-05-30 15:21:27] [INFO] 开始查找元素：By.id: subject
[2018-05-30 15:21:27] [INFO] 找到了元素 [By.id: subject]
[2018-05-30 15:21:27] [INFO] 找到元素 id: subject
[2018-05-30 15:21:27] [INFO] 找到元素 id: subject
[2018-05-30 15:21:27] [INFO] 清空元素上的内容
[2018-05-30 15:21:27] [INFO] 在文本框中输入内容Hello World
[2018-05-30 15:21:28] [INFO] 进入iframe
[2018-05-30 15:21:28] [INFO] 开始查找元素：By.xpath: /html/body
[2018-05-30 15:21:28] [INFO] 找到了元素 [By.xpath: /html/body]
[2018-05-30 15:21:28] [INFO] 找到元素 xpath: /html/body
[2018-05-30 15:21:28] [INFO] 找到元素 xpath: /html/body
[2018-05-30 15:21:28] [INFO] 清空元素上的内容
[2018-05-30 15:21:28] [INFO] 在文本框中输入内容大家好,哈哈哈哈哈哈哈哈
[2018-05-30 15:21:28] [INFO] 返回主文档
[2018-05-30 15:21:28] [INFO] 开始查找元素：By.id: postsubmit
[2018-05-30 15:21:28] [INFO] 找到了元素 [By.id: postsubmit]
[2018-05-30 15:21:28] [INFO] 找到元素 id: postsubmit
[2018-05-30 15:21:28] [INFO] 对元素By.id: postsubmit做点击操作
[2018-05-30 15:21:28] [INFO] 开始查找元素：By.linkText: 退出
[2018-05-30 15:21:28] [INFO] 找到了元素 [By.linkText: 退出]
[2018-05-30 15:21:28] [INFO] 找到元素 link text: 退出
[2018-05-30 15:21:29] [INFO] 对元素By.linkText: 退出做点击操作
[2018-05-30 15:21:29] [INFO] 开始查找元素：By.name: username
[2018-05-30 15:21:40] [ERROR] 超时!! 10 秒之后还没找到元素 [By.name: username]
