[2018-05-09 17:53:12] [INFO] 加载驱动,启动的是chromeDriver
[2018-05-09 17:53:22] [INFO] 打开网址
[2018-05-09 17:53:23] [INFO] 开始查找元素：By.name: username
[2018-05-09 17:53:23] [INFO] 找到了元素 [By.name: username]
[2018-05-09 17:53:23] [INFO] 找到元素 name: username
[2018-05-09 17:53:23] [INFO] 找到元素 name: username
[2018-05-09 17:53:23] [INFO] 清空元素上的内容
[2018-05-09 17:53:23] [INFO] 在文本框中输入内容admin
[2018-05-09 17:53:23] [INFO] 开始查找元素：By.name: password
[2018-05-09 17:53:23] [INFO] 找到了元素 [By.name: password]
[2018-05-09 17:53:23] [INFO] 找到元素 name: password
[2018-05-09 17:53:23] [INFO] 找到元素 name: password
[2018-05-09 17:53:23] [INFO] 清空元素上的内容
[2018-05-09 17:53:23] [INFO] 在文本框中输入内容admin
[2018-05-09 17:53:23] [INFO] 开始查找元素：By.xpath: //*[@id="lsform"]/div/div/table/tbody/tr[2]/td[3]/button
[2018-05-09 17:53:24] [INFO] 找到了元素 [By.xpath: //*[@id="lsform"]/div/div/table/tbody/tr[2]/td[3]/button]
[2018-05-09 17:53:24] [INFO] 找到元素 xpath: //*[@id="lsform"]/div/div/table/tbody/tr[2]/td[3]/button
[2018-05-09 17:53:24] [INFO] 对元素By.xpath: //*[@id="lsform"]/div/div/table/tbody/tr[2]/td[3]/button做点击操作
[2018-05-09 17:53:27] [INFO] 开始查找元素：By.linkText: 默认版块
[2018-05-09 17:53:30] [INFO] 找到了元素 [By.linkText: 默认版块]
[2018-05-09 17:53:30] [INFO] 找到元素 link text: 默认版块
[2018-05-09 17:53:35] [INFO] 对元素By.linkText: 默认版块做点击操作
[2018-05-09 17:53:35] [INFO] 开始查找元素：By.xpath: //*[@id="newspecial"]/img
[2018-05-09 17:53:35] [INFO] 找到了元素 [By.xpath: //*[@id="newspecial"]/img]
[2018-05-09 17:53:35] [INFO] 找到元素 xpath: //*[@id="newspecial"]/img
[2018-05-09 17:53:41] [INFO] 对元素By.xpath: //*[@id="newspecial"]/img做点击操作
[2018-05-09 17:53:41] [INFO] 开始查找元素：By.linkText: 发起投票
[2018-05-09 17:53:41] [INFO] 找到了元素 [By.linkText: 发起投票]
[2018-05-09 17:53:41] [INFO] 找到元素 link text: 发起投票
[2018-05-09 17:53:43] [INFO] 对元素By.linkText: 发起投票做点击操作
[2018-05-09 17:53:43] [INFO] 开始查找元素：By.id: subject
[2018-05-09 17:53:43] [INFO] 找到了元素 [By.id: subject]
[2018-05-09 17:53:43] [INFO] 找到元素 id: subject
[2018-05-09 17:53:43] [INFO] 找到元素 id: subject
[2018-05-09 17:53:43] [INFO] 清空元素上的内容
[2018-05-09 17:53:43] [INFO] 在文本框中输入内容你喜欢玩什么
[2018-05-09 17:53:43] [INFO] 开始查找元素：By.xpath: //*[@id="pollm_c_1"]/p[1]/input
[2018-05-09 17:53:43] [INFO] 找到了元素 [By.xpath: //*[@id="pollm_c_1"]/p[1]/input]
[2018-05-09 17:53:43] [INFO] 找到元素 xpath: //*[@id="pollm_c_1"]/p[1]/input
[2018-05-09 17:53:43] [INFO] 找到元素 xpath: //*[@id="pollm_c_1"]/p[1]/input
[2018-05-09 17:53:43] [INFO] 清空元素上的内容
[2018-05-09 17:53:44] [INFO] 在文本框中输入内容电子游戏
[2018-05-09 17:53:44] [INFO] 开始查找元素：By.xpath: //*[@id="pollm_c_1"]/p[2]/input
[2018-05-09 17:53:44] [INFO] 找到了元素 [By.xpath: //*[@id="pollm_c_1"]/p[2]/input]
[2018-05-09 17:53:44] [INFO] 找到元素 xpath: //*[@id="pollm_c_1"]/p[2]/input
[2018-05-09 17:53:44] [INFO] 找到元素 xpath: //*[@id="pollm_c_1"]/p[2]/input
[2018-05-09 17:53:44] [INFO] 清空元素上的内容
[2018-05-09 17:53:44] [INFO] 在文本框中输入内容篮球
[2018-05-09 17:53:44] [INFO] 开始查找元素：By.xpath: //*[@id="pollm_c_1"]/p[3]/input
[2018-05-09 17:53:44] [INFO] 找到了元素 [By.xpath: //*[@id="pollm_c_1"]/p[3]/input]
[2018-05-09 17:53:44] [INFO] 找到元素 xpath: //*[@id="pollm_c_1"]/p[3]/input
[2018-05-09 17:53:44] [INFO] 找到元素 xpath: //*[@id="pollm_c_1"]/p[3]/input
[2018-05-09 17:53:44] [INFO] 清空元素上的内容
[2018-05-09 17:53:44] [INFO] 在文本框中输入内容足球
[2018-05-09 17:53:44] [INFO] 进入iframe
[2018-05-09 17:53:45] [INFO] 开始查找元素：By.xpath: /html/body
[2018-05-09 17:53:45] [INFO] 找到了元素 [By.xpath: /html/body]
[2018-05-09 17:53:45] [INFO] 找到元素 xpath: /html/body
[2018-05-09 17:53:45] [INFO] 找到元素 xpath: /html/body
[2018-05-09 17:53:45] [INFO] 清空元素上的内容
[2018-05-09 17:53:45] [INFO] 在文本框中输入内容喜欢什么就选什么，别客气
[2018-05-09 17:53:45] [INFO] 返回主文档
[2018-05-09 17:53:45] [INFO] 开始查找元素：By.id: postsubmit
[2018-05-09 17:53:45] [INFO] 找到了元素 [By.id: postsubmit]
[2018-05-09 17:53:45] [INFO] 找到元素 id: postsubmit
[2018-05-09 17:53:45] [INFO] 对元素By.id: postsubmit做点击操作
[2018-05-09 17:53:45] [INFO] 开始查找元素：By.id: option_1
[2018-05-09 17:53:55] [INFO] 找到了元素 [By.id: option_1]
[2018-05-09 17:53:56] [INFO] 找到元素 id: option_1
[2018-05-09 17:53:56] [INFO] 对元素By.id: option_1做点击操作
[2018-05-09 17:53:56] [INFO] 开始查找元素：By.name: pollsubmit
[2018-05-09 17:53:56] [INFO] 找到了元素 [By.name: pollsubmit]
[2018-05-09 17:53:56] [INFO] 找到元素 name: pollsubmit
[2018-05-09 17:53:56] [INFO] 对元素By.name: pollsubmit做点击操作
[2018-05-09 17:53:59] [INFO] 开始查找元素：By.id: thread_subject
[2018-05-09 17:53:59] [INFO] 找到了元素 [By.id: thread_subject]
[2018-05-09 17:53:59] [INFO] 找到元素 id: thread_subject
[2018-05-09 17:53:59] [INFO] 获取元素内容,元素内容是:你喜欢玩什么
[2018-05-09 17:53:59] [INFO] 找到元素 xpath: //*[@id="poll"]/div[2]/table/tbody/tr[2]/td[2]
[2018-05-09 17:53:59] [INFO] 获取元素内容,元素内容是:100.00% (1)
[2018-05-09 17:53:59] [INFO] 找到元素 xpath: //*[@id="poll"]/div[2]/table/tbody/tr[4]/td[2]
[2018-05-09 17:53:59] [INFO] 获取元素内容,元素内容是:0.00% (0)
[2018-05-09 17:53:59] [INFO] 找到元素 xpath: //*[@id="poll"]/div[2]/table/tbody/tr[6]/td[2]
[2018-05-09 17:53:59] [INFO] 获取元素内容,元素内容是:0.00% (0)
[2018-05-09 17:53:59] [INFO] 找到元素 xpath: //*[@id="poll"]/div[2]/table/tbody/tr[1]/td[1]/label
[2018-05-09 17:53:59] [INFO] 获取元素内容,元素内容是:1.  电子游戏
[2018-05-09 17:53:59] [INFO] 找到元素 xpath: //*[@id="poll"]/div[2]/table/tbody/tr[3]/td[1]/label
[2018-05-09 17:53:59] [INFO] 获取元素内容,元素内容是:2.  篮球
[2018-05-09 17:53:59] [INFO] 找到元素 xpath: //*[@id="poll"]/div[2]/table/tbody/tr[5]/td[1]/label
[2018-05-09 17:53:59] [INFO] 获取元素内容,元素内容是:3.  足球
