[2018-05-09 08:52:15] [INFO] 加载驱动,启动的是chromeDriver
[2018-05-09 08:52:20] [INFO] 打开网址
[2018-05-09 08:52:20] [INFO] 开始查找元素：By.name: username
[2018-05-09 08:52:20] [INFO] 找到了元素 [By.name: username]
[2018-05-09 08:52:20] [INFO] 找到元素 name: username
[2018-05-09 08:52:20] [INFO] 找到元素 name: username
[2018-05-09 08:52:20] [INFO] 清空元素上的内容
[2018-05-09 08:52:20] [INFO] 在文本框中输入内容test
[2018-05-09 08:52:20] [INFO] 开始查找元素：By.name: password
[2018-05-09 08:52:20] [INFO] 找到了元素 [By.name: password]
[2018-05-09 08:52:20] [INFO] 找到元素 name: password
[2018-05-09 08:52:20] [INFO] 找到元素 name: password
[2018-05-09 08:52:20] [INFO] 清空元素上的内容
[2018-05-09 08:52:20] [INFO] 在文本框中输入内容123456
[2018-05-09 08:52:20] [INFO] 开始查找元素：By.xpath: //*[@id="lsform"]/div/div/table/tbody/tr[2]/td[3]/button
[2018-05-09 08:52:20] [INFO] 找到了元素 [By.xpath: //*[@id="lsform"]/div/div/table/tbody/tr[2]/td[3]/button]
[2018-05-09 08:52:20] [INFO] 找到元素 xpath: //*[@id="lsform"]/div/div/table/tbody/tr[2]/td[3]/button
[2018-05-09 08:52:20] [INFO] 对元素By.xpath: //*[@id="lsform"]/div/div/table/tbody/tr[2]/td[3]/button做点击操作
[2018-05-09 08:52:20] [INFO] 开始查找元素：By.linkText: 新版块名称
[2018-05-09 08:52:20] [INFO] 找到了元素 [By.linkText: 新版块名称]
[2018-05-09 08:52:21] [INFO] 找到元素 link text: 新版块名称
[2018-05-09 08:52:23] [INFO] 对元素By.linkText: 新版块名称做点击操作
[2018-05-09 08:52:23] [INFO] 开始查找元素：By.xpath: //*[@id="newspecial"]/img
[2018-05-09 08:52:23] [INFO] 找到了元素 [By.xpath: //*[@id="newspecial"]/img]
[2018-05-09 08:52:23] [INFO] 找到元素 xpath: //*[@id="newspecial"]/img
[2018-05-09 08:52:25] [INFO] 对元素By.xpath: //*[@id="newspecial"]/img做点击操作
[2018-05-09 08:52:25] [INFO] 开始查找元素：By.id: subject
[2018-05-09 08:52:35] [INFO] 找到了元素 [By.id: subject]
[2018-05-09 08:52:35] [INFO] 找到元素 id: subject
[2018-05-09 08:52:35] [INFO] 找到元素 id: subject
[2018-05-09 08:52:35] [INFO] 清空元素上的内容
[2018-05-09 08:52:35] [INFO] 在文本框中输入内容欢迎来到我的世界
