[2018-05-08 19:45:56] [INFO] 加载驱动,启动的是chromeDriver
[2018-05-08 19:46:05] [INFO] 打开网址
[2018-05-08 19:46:05] [INFO] 开始查找元素：By.name: username
[2018-05-08 19:46:05] [INFO] 找到了元素 [By.name: username]
[2018-05-08 19:46:05] [INFO] 找到元素 name: username
[2018-05-08 19:46:05] [INFO] 找到元素 name: username
[2018-05-08 19:46:05] [INFO] 清空元素上的内容
[2018-05-08 19:46:05] [INFO] 在文本框中输入内容admin
[2018-05-08 19:46:05] [INFO] 开始查找元素：By.name: password
[2018-05-08 19:46:05] [INFO] 找到了元素 [By.name: password]
[2018-05-08 19:46:05] [INFO] 找到元素 name: password
[2018-05-08 19:46:06] [INFO] 找到元素 name: password
[2018-05-08 19:46:06] [INFO] 清空元素上的内容
[2018-05-08 19:46:06] [INFO] 在文本框中输入内容admin
[2018-05-08 19:46:06] [INFO] 开始查找元素：By.xpath: //*[@id="lsform"]/div/div/table/tbody/tr[2]/td[3]/button
[2018-05-08 19:46:06] [INFO] 找到了元素 [By.xpath: //*[@id="lsform"]/div/div/table/tbody/tr[2]/td[3]/button]
[2018-05-08 19:46:06] [INFO] 找到元素 xpath: //*[@id="lsform"]/div/div/table/tbody/tr[2]/td[3]/button
[2018-05-08 19:46:06] [INFO] 对元素By.xpath: //*[@id="lsform"]/div/div/table/tbody/tr[2]/td[3]/button做点击操作
[2018-05-08 19:46:06] [INFO] 开始查找元素：By.linkText: 管理中心
[2018-05-08 19:46:16] [INFO] 找到了元素 [By.linkText: 管理中心]
[2018-05-08 19:46:16] [INFO] 找到元素 link text: 管理中心
[2018-05-08 19:46:16] [INFO] 对元素By.linkText: 管理中心做点击操作
[2018-05-08 19:46:16] [INFO] 跳转到新的页面
[2018-05-08 19:46:16] [INFO] 开始查找元素：By.linkText: 论坛
