[2018-05-09 08:51:19] [INFO] 加载驱动,启动的是chromeDriver
[2018-05-09 08:51:26] [INFO] 打开网址
[2018-05-09 08:51:26] [INFO] 开始查找元素：By.name: username
[2018-05-09 08:51:26] [INFO] 找到了元素 [By.name: username]
[2018-05-09 08:51:26] [INFO] 找到元素 name: username
[2018-05-09 08:51:26] [INFO] 找到元素 name: username
[2018-05-09 08:51:26] [INFO] 清空元素上的内容
[2018-05-09 08:51:27] [INFO] 在文本框中输入内容admin
[2018-05-09 08:51:27] [INFO] 开始查找元素：By.name: password
[2018-05-09 08:51:27] [INFO] 找到了元素 [By.name: password]
[2018-05-09 08:51:27] [INFO] 找到元素 name: password
[2018-05-09 08:51:27] [INFO] 找到元素 name: password
[2018-05-09 08:51:27] [INFO] 清空元素上的内容
[2018-05-09 08:51:27] [INFO] 在文本框中输入内容admin
[2018-05-09 08:51:27] [INFO] 开始查找元素：By.xpath: //*[@id="lsform"]/div/div/table/tbody/tr[2]/td[3]/button
[2018-05-09 08:51:27] [INFO] 找到了元素 [By.xpath: //*[@id="lsform"]/div/div/table/tbody/tr[2]/td[3]/button]
[2018-05-09 08:51:27] [INFO] 找到元素 xpath: //*[@id="lsform"]/div/div/table/tbody/tr[2]/td[3]/button
[2018-05-09 08:51:27] [INFO] 对元素By.xpath: //*[@id="lsform"]/div/div/table/tbody/tr[2]/td[3]/button做点击操作
[2018-05-09 08:51:27] [INFO] 开始查找元素：By.linkText: 管理中心
[2018-05-09 08:51:37] [INFO] 找到了元素 [By.linkText: 管理中心]
[2018-05-09 08:51:37] [INFO] 找到元素 link text: 管理中心
[2018-05-09 08:51:38] [INFO] 对元素By.linkText: 管理中心做点击操作
[2018-05-09 08:51:38] [INFO] 开始查找元素：By.name: username
[2018-05-09 08:51:48] [ERROR] 超时!! 10 秒之后还没找到元素 [By.name: username]
