[2018-05-09 09:09:57] [INFO] 加载驱动,启动的是chromeDriver
[2018-05-09 09:10:03] [INFO] 打开网址
[2018-05-09 09:10:03] [INFO] 开始查找元素：By.name: username
[2018-05-09 09:10:03] [INFO] 找到了元素 [By.name: username]
[2018-05-09 09:10:03] [INFO] 找到元素 name: username
[2018-05-09 09:10:03] [INFO] 找到元素 name: username
[2018-05-09 09:10:03] [INFO] 清空元素上的内容
[2018-05-09 09:10:03] [INFO] 在文本框中输入内容test
[2018-05-09 09:10:03] [INFO] 开始查找元素：By.name: password
[2018-05-09 09:10:03] [INFO] 找到了元素 [By.name: password]
[2018-05-09 09:10:03] [INFO] 找到元素 name: password
[2018-05-09 09:10:03] [INFO] 找到元素 name: password
[2018-05-09 09:10:03] [INFO] 清空元素上的内容
[2018-05-09 09:10:03] [INFO] 在文本框中输入内容123456
[2018-05-09 09:10:03] [INFO] 开始查找元素：By.xpath: //*[@id="lsform"]/div/div/table/tbody/tr[2]/td[3]/button
[2018-05-09 09:10:03] [INFO] 找到了元素 [By.xpath: //*[@id="lsform"]/div/div/table/tbody/tr[2]/td[3]/button]
[2018-05-09 09:10:03] [INFO] 找到元素 xpath: //*[@id="lsform"]/div/div/table/tbody/tr[2]/td[3]/button
[2018-05-09 09:10:03] [INFO] 对元素By.xpath: //*[@id="lsform"]/div/div/table/tbody/tr[2]/td[3]/button做点击操作
[2018-05-09 09:10:06] [INFO] 开始查找元素：By.linkText: 新版块名称
[2018-05-09 09:10:09] [INFO] 找到了元素 [By.linkText: 新版块名称]
[2018-05-09 09:10:09] [INFO] 找到元素 link text: 新版块名称
[2018-05-09 09:10:12] [INFO] 对元素By.linkText: 新版块名称做点击操作
[2018-05-09 09:10:12] [INFO] 开始查找元素：By.xpath: //*[@id="newspecial"]/img
[2018-05-09 09:10:12] [INFO] 找到了元素 [By.xpath: //*[@id="newspecial"]/img]
[2018-05-09 09:10:12] [INFO] 找到元素 xpath: //*[@id="newspecial"]/img
[2018-05-09 09:10:14] [INFO] 对元素By.xpath: //*[@id="newspecial"]/img做点击操作
[2018-05-09 09:10:14] [INFO] 开始查找元素：By.id: subject
[2018-05-09 09:10:14] [INFO] 找到了元素 [By.id: subject]
[2018-05-09 09:10:14] [INFO] 找到元素 id: subject
[2018-05-09 09:10:14] [INFO] 找到元素 id: subject
[2018-05-09 09:10:14] [INFO] 清空元素上的内容
[2018-05-09 09:10:14] [INFO] 在文本框中输入内容haotest
[2018-05-09 09:10:15] [INFO] 进入iframe
[2018-05-09 09:10:15] [INFO] 开始查找元素：By.xpath: /html/body
[2018-05-09 09:10:15] [INFO] 找到了元素 [By.xpath: /html/body]
[2018-05-09 09:10:15] [INFO] 找到元素 xpath: /html/body
[2018-05-09 09:10:15] [INFO] 找到元素 xpath: /html/body
[2018-05-09 09:10:15] [INFO] 清空元素上的内容
[2018-05-09 09:10:15] [INFO] 在文本框中输入内容haotest,你值得拥有
[2018-05-09 09:10:15] [INFO] 返回主文档
[2018-05-09 09:10:15] [INFO] 开始查找元素：By.id: postsubmit
[2018-05-09 09:10:15] [INFO] 找到了元素 [By.id: postsubmit]
[2018-05-09 09:10:15] [INFO] 找到元素 id: postsubmit
[2018-05-09 09:10:15] [INFO] 对元素By.id: postsubmit做点击操作
[2018-05-09 09:10:15] [INFO] 开始查找元素：By.name: message
[2018-05-09 09:10:25] [INFO] 找到了元素 [By.name: message]
[2018-05-09 09:10:25] [INFO] 找到元素 name: message
[2018-05-09 09:10:25] [INFO] 找到元素 name: message
[2018-05-09 09:10:25] [INFO] 清空元素上的内容
[2018-05-09 09:10:25] [INFO] 在文本框中输入内容哇，你这个逗比
[2018-05-09 09:10:25] [INFO] 开始查找元素：By.name: replysubmit
[2018-05-09 09:10:25] [INFO] 找到了元素 [By.name: replysubmit]
[2018-05-09 09:10:25] [INFO] 找到元素 name: replysubmit
[2018-05-09 09:10:25] [INFO] 对元素By.name: replysubmit做点击操作
